19:42:42 **** Incremental Build of configuration Debug for project gps_stm32 ****
make -j8 all 
arm-none-eabi-gcc "../Core/Src/main.c" -mcpu=cortex-m4 -std=gnu11 -g3 -DDEBUG -DUSE_NUCLEO_64 -DUSE_HAL_DRIVER -DSTM32G431xx -c -I../Core/Inc -I../Drivers/STM32G4xx_HAL_Driver/Inc -I../Drivers/STM32G4xx_HAL_Driver/Inc/Legacy -I../Drivers/BSP/STM32G4xx_Nucleo -I../Drivers/CMSIS/Device/ST/STM32G4xx/Include -I../Drivers/CMSIS/Include -O0 -ffunction-sections -fdata-sections -Wall -fstack-usage -fcyclomatic-complexity -MMD -MP -MF"Core/Src/main.d" -MT"Core/Src/main.o" --specs=nano.specs -mfpu=fpv4-sp-d16 -mfloat-abi=hard -mthumb -o "Core/Src/main.o"
arm-none-eabi-gcc "../Core/Src/uartRingBuffer.c" -mcpu=cortex-m4 -std=gnu11 -g3 -DDEBUG -DUSE_NUCLEO_64 -DUSE_HAL_DRIVER -DSTM32G431xx -c -I../Core/Inc -I../Drivers/STM32G4xx_HAL_Driver/Inc -I../Drivers/STM32G4xx_HAL_Driver/Inc/Legacy -I../Drivers/BSP/STM32G4xx_Nucleo -I../Drivers/CMSIS/Device/ST/STM32G4xx/Include -I../Drivers/CMSIS/Include -O0 -ffunction-sections -fdata-sections -Wall -fstack-usage -fcyclomatic-complexity -MMD -MP -MF"Core/Src/uartRingBuffer.d" -MT"Core/Src/uartRingBuffer.o" --specs=nano.specs -mfpu=fpv4-sp-d16 -mfloat-abi=hard -mthumb -o "Core/Src/uartRingBuffer.o"
../Core/Src/uartRingBuffer.c:71:12: warning: 'check_for' defined but not used [-Wunused-function]
   71 | static int check_for (char *str, char *buffertolookinto)
      |            ^~~~~~~~~
arm-none-eabi-gcc -o "gps_stm32.elf" @"objects.list"   -mcpu=cortex-m4 -T"C:\Users\mrspa\Documents\RoboFest\demo files\GPS\gps_stm32\STM32G431KBTX_FLASH.ld" --specs=nosys.specs -Wl,-Map="gps_stm32.map" -Wl,--gc-sections -static --specs=nano.specs -mfpu=fpv4-sp-d16 -mfloat-abi=hard -mthumb -u _printf_float -u _scanf_float -Wl,--start-group -lc -lm -Wl,--end-group
C:/ST/STM32CubeIDE_1.17.0/STM32CubeIDE/plugins/com.st.stm32cube.ide.mcu.externaltools.gnu-tools-for-stm32.12.3.rel1.win32_1.1.0.202410251130/tools/bin/../lib/gcc/arm-none-eabi/12.3.1/../../../../arm-none-eabi/bin/ld.exe: ./Core/Src/uartRingBuffer.o:C:/Users/mrspa/Documents/RoboFest/demo files/GPS/gps_stm32/Debug/../Core/Src/main.c:47: multiple definition of `hfdcan1'; ./Core/Src/main.o:C:/Users/mrspa/Documents/RoboFest/demo files/GPS/gps_stm32/Debug/../Core/Src/main.c:47: first defined here
C:/ST/STM32CubeIDE_1.17.0/STM32CubeIDE/plugins/com.st.stm32cube.ide.mcu.externaltools.gnu-tools-for-stm32.12.3.rel1.win32_1.1.0.202410251130/tools/bin/../lib/gcc/arm-none-eabi/12.3.1/../../../../arm-none-eabi/bin/ld.exe: ./Core/Src/uartRingBuffer.o:C:/Users/mrspa/Documents/RoboFest/demo files/GPS/gps_stm32/Debug/../Core/Src/main.c:49: multiple definition of `huart1'; ./Core/Src/main.o:C:/Users/mrspa/Documents/RoboFest/demo files/GPS/gps_stm32/Debug/../Core/Src/main.c:49: first defined here
C:/ST/STM32CubeIDE_1.17.0/STM32CubeIDE/plugins/com.st.stm32cube.ide.mcu.externaltools.gnu-tools-for-stm32.12.3.rel1.win32_1.1.0.202410251130/tools/bin/../lib/gcc/arm-none-eabi/12.3.1/../../../../arm-none-eabi/bin/ld.exe: ./Core/Src/uartRingBuffer.o:C:/Users/mrspa/Documents/RoboFest/demo files/GPS/gps_stm32/Debug/../Core/Src/main.c:50: multiple definition of `huart2'; ./Core/Src/main.o:C:/Users/mrspa/Documents/RoboFest/demo files/GPS/gps_stm32/Debug/../Core/Src/main.c:50: first defined here
C:/ST/STM32CubeIDE_1.17.0/STM32CubeIDE/plugins/com.st.stm32cube.ide.mcu.externaltools.gnu-tools-for-stm32.12.3.rel1.win32_1.1.0.202410251130/tools/bin/../lib/gcc/arm-none-eabi/12.3.1/../../../../arm-none-eabi/bin/ld.exe: ./Core/Src/uartRingBuffer.o:C:/Users/mrspa/Documents/RoboFest/demo files/GPS/gps_stm32/Debug/../Core/Src/main.c:68: multiple definition of `GGA'; ./Core/Src/main.o:C:/Users/mrspa/Documents/RoboFest/demo files/GPS/gps_stm32/Debug/../Core/Src/main.c:68: first defined here
C:/ST/STM32CubeIDE_1.17.0/STM32CubeIDE/plugins/com.st.stm32cube.ide.mcu.externaltools.gnu-tools-for-stm32.12.3.rel1.win32_1.1.0.202410251130/tools/bin/../lib/gcc/arm-none-eabi/12.3.1/../../../../arm-none-eabi/bin/ld.exe: ./Core/Src/uartRingBuffer.o:C:/Users/mrspa/Documents/RoboFest/demo files/GPS/gps_stm32/Debug/../Core/Src/main.c:69: multiple definition of `RMC'; ./Core/Src/main.o:C:/Users/mrspa/Documents/RoboFest/demo files/GPS/gps_stm32/Debug/../Core/Src/main.c:69: first defined here
C:/ST/STM32CubeIDE_1.17.0/STM32CubeIDE/plugins/com.st.stm32cube.ide.mcu.externaltools.gnu-tools-for-stm32.12.3.rel1.win32_1.1.0.202410251130/tools/bin/../lib/gcc/arm-none-eabi/12.3.1/../../../../arm-none-eabi/bin/ld.exe: ./Core/Src/uartRingBuffer.o:C:/Users/mrspa/Documents/RoboFest/demo files/GPS/gps_stm32/Debug/../Core/Src/main.c:71: multiple definition of `gpsData'; ./Core/Src/main.o:C:/Users/mrspa/Documents/RoboFest/demo files/GPS/gps_stm32/Debug/../Core/Src/main.c:71: first defined here
C:/ST/STM32CubeIDE_1.17.0/STM32CubeIDE/plugins/com.st.stm32cube.ide.mcu.externaltools.gnu-tools-for-stm32.12.3.rel1.win32_1.1.0.202410251130/tools/bin/../lib/gcc/arm-none-eabi/12.3.1/../../../../arm-none-eabi/bin/ld.exe: ./Core/Src/uartRingBuffer.o:C:/Users/mrspa/Documents/RoboFest/demo files/GPS/gps_stm32/Debug/../Core/Src/main.c:73: multiple definition of `flagGGA'; ./Core/Src/main.o:C:/Users/mrspa/Documents/RoboFest/demo files/GPS/gps_stm32/Debug/../Core/Src/main.c:73: first defined here
C:/ST/STM32CubeIDE_1.17.0/STM32CubeIDE/plugins/com.st.stm32cube.ide.mcu.externaltools.gnu-tools-for-stm32.12.3.rel1.win32_1.1.0.202410251130/tools/bin/../lib/gcc/arm-none-eabi/12.3.1/../../../../arm-none-eabi/bin/ld.exe: ./Core/Src/uartRingBuffer.o:C:/Users/mrspa/Documents/RoboFest/demo files/GPS/gps_stm32/Debug/../Core/Src/main.c:73: multiple definition of `flagRMC'; ./Core/Src/main.o:C:/Users/mrspa/Documents/RoboFest/demo files/GPS/gps_stm32/Debug/../Core/Src/main.c:73: first defined here
C:/ST/STM32CubeIDE_1.17.0/STM32CubeIDE/plugins/com.st.stm32cube.ide.mcu.externaltools.gnu-tools-for-stm32.12.3.rel1.win32_1.1.0.202410251130/tools/bin/../lib/gcc/arm-none-eabi/12.3.1/../../../../arm-none-eabi/bin/ld.exe: ./Core/Src/uartRingBuffer.o:C:/Users/mrspa/Documents/RoboFest/demo files/GPS/gps_stm32/Debug/../Core/Src/main.c:74: multiple definition of `lcdBuffer'; ./Core/Src/main.o:C:/Users/mrspa/Documents/RoboFest/demo files/GPS/gps_stm32/Debug/../Core/Src/main.c:74: first defined here
C:/ST/STM32CubeIDE_1.17.0/STM32CubeIDE/plugins/com.st.stm32cube.ide.mcu.externaltools.gnu-tools-for-stm32.12.3.rel1.win32_1.1.0.202410251130/tools/bin/../lib/gcc/arm-none-eabi/12.3.1/../../../../arm-none-eabi/bin/ld.exe: ./Core/Src/uartRingBuffer.o:C:/Users/mrspa/Documents/RoboFest/demo files/GPS/gps_stm32/Debug/../Core/Src/main.c:77: multiple definition of `VCCTimeout'; ./Core/Src/main.o:C:/Users/mrspa/Documents/RoboFest/demo files/GPS/gps_stm32/Debug/../Core/Src/main.c:77: first defined here
C:/ST/STM32CubeIDE_1.17.0/STM32CubeIDE/plugins/com.st.stm32cube.ide.mcu.externaltools.gnu-tools-for-stm32.12.3.rel1.win32_1.1.0.202410251130/tools/bin/../lib/gcc/arm-none-eabi/12.3.1/../../../../arm-none-eabi/bin/ld.exe: ./Core/Src/uartRingBuffer.o: in function `main':
C:/Users/mrspa/Documents/RoboFest/demo files/GPS/gps_stm32/Debug/../Core/Src/main.c:85: multiple definition of `main'; ./Core/Src/main.o:C:/Users/mrspa/Documents/RoboFest/demo files/GPS/gps_stm32/Debug/../Core/Src/main.c:85: first defined here
C:/ST/STM32CubeIDE_1.17.0/STM32CubeIDE/plugins/com.st.stm32cube.ide.mcu.externaltools.gnu-tools-for-stm32.12.3.rel1.win32_1.1.0.202410251130/tools/bin/../lib/gcc/arm-none-eabi/12.3.1/../../../../arm-none-eabi/bin/ld.exe: ./Core/Src/uartRingBuffer.o: in function `SystemClock_Config':
C:/Users/mrspa/Documents/RoboFest/demo files/GPS/gps_stm32/Debug/../Core/Src/main.c:196: multiple definition of `SystemClock_Config'; ./Core/Src/main.o:C:/Users/mrspa/Documents/RoboFest/demo files/GPS/gps_stm32/Debug/../Core/Src/main.c:196: first defined here
C:/ST/STM32CubeIDE_1.17.0/STM32CubeIDE/plugins/com.st.stm32cube.ide.mcu.externaltools.gnu-tools-for-stm32.12.3.rel1.win32_1.1.0.202410251130/tools/bin/../lib/gcc/arm-none-eabi/12.3.1/../../../../arm-none-eabi/bin/ld.exe: ./Core/Src/uartRingBuffer.o: in function `Error_Handler':
C:/Users/mrspa/Documents/RoboFest/demo files/GPS/gps_stm32/Debug/../Core/Src/main.c:428: multiple definition of `Error_Handler'; ./Core/Src/main.o:C:/Users/mrspa/Documents/RoboFest/demo files/GPS/gps_stm32/Debug/../Core/Src/main.c:428: first defined here
collect2.exe: error: ld returned 1 exit status
make: *** [makefile:65: gps_stm32.elf] Error 1
"make -j8 all" terminated with exit code 2. Build might be incomplete.

19:42:54 Build Failed. 14 errors, 1 warnings. (took 11s.619ms)

