20:00:03 **** Incremental Build of configuration Debug for project stm32_g431kb ****
make -j8 all 
arm-none-eabi-gcc "../Core/Src/main.c" -mcpu=cortex-m4 -std=gnu11 -g3 -DDEBUG -DUSE_NUCLEO_64 -DUSE_HAL_DRIVER -DSTM32G431xx -c -I../Core/Inc -I../Drivers/STM32G4xx_HAL_Driver/Inc -I../Drivers/STM32G4xx_HAL_Driver/Inc/Legacy -I../Drivers/BSP/STM32G4xx_Nucleo -I../Drivers/CMSIS/Device/ST/STM32G4xx/Include -I../Drivers/CMSIS/Include -O0 -ffunction-sections -fdata-sections -Wall -fstack-usage -fcyclomatic-complexity -MMD -MP -MF"Core/Src/main.d" -MT"Core/Src/main.o" --specs=nano.specs -mfpu=fpv4-sp-d16 -mfloat-abi=hard -mthumb -o "Core/Src/main.o"
arm-none-eabi-gcc "../Core/Src/stm32g4xx_hal_msp.c" -mcpu=cortex-m4 -std=gnu11 -g3 -DDEBUG -DUSE_NUCLEO_64 -DUSE_HAL_DRIVER -DSTM32G431xx -c -I../Core/Inc -I../Drivers/STM32G4xx_HAL_Driver/Inc -I../Drivers/STM32G4xx_HAL_Driver/Inc/Legacy -I../Drivers/BSP/STM32G4xx_Nucleo -I../Drivers/CMSIS/Device/ST/STM32G4xx/Include -I../Drivers/CMSIS/Include -O0 -ffunction-sections -fdata-sections -Wall -fstack-usage -fcyclomatic-complexity -MMD -MP -MF"Core/Src/stm32g4xx_hal_msp.d" -MT"Core/Src/stm32g4xx_hal_msp.o" --specs=nano.specs -mfpu=fpv4-sp-d16 -mfloat-abi=hard -mthumb -o "Core/Src/stm32g4xx_hal_msp.o"
arm-none-eabi-gcc "../Core/Src/stm32g4xx_it.c" -mcpu=cortex-m4 -std=gnu11 -g3 -DDEBUG -DUSE_NUCLEO_64 -DUSE_HAL_DRIVER -DSTM32G431xx -c -I../Core/Inc -I../Drivers/STM32G4xx_HAL_Driver/Inc -I../Drivers/STM32G4xx_HAL_Driver/Inc/Legacy -I../Drivers/BSP/STM32G4xx_Nucleo -I../Drivers/CMSIS/Device/ST/STM32G4xx/Include -I../Drivers/CMSIS/Include -O0 -ffunction-sections -fdata-sections -Wall -fstack-usage -fcyclomatic-complexity -MMD -MP -MF"Core/Src/stm32g4xx_it.d" -MT"Core/Src/stm32g4xx_it.o" --specs=nano.specs -mfpu=fpv4-sp-d16 -mfloat-abi=hard -mthumb -o "Core/Src/stm32g4xx_it.o"
arm-none-eabi-gcc "../Core/Src/uartRingBuffer.c" -mcpu=cortex-m4 -std=gnu11 -g3 -DDEBUG -DUSE_NUCLEO_64 -DUSE_HAL_DRIVER -DSTM32G431xx -c -I../Core/Inc -I../Drivers/STM32G4xx_HAL_Driver/Inc -I../Drivers/STM32G4xx_HAL_Driver/Inc/Legacy -I../Drivers/BSP/STM32G4xx_Nucleo -I../Drivers/CMSIS/Device/ST/STM32G4xx/Include -I../Drivers/CMSIS/Include -O0 -ffunction-sections -fdata-sections -Wall -fstack-usage -fcyclomatic-complexity -MMD -MP -MF"Core/Src/uartRingBuffer.d" -MT"Core/Src/uartRingBuffer.o" --specs=nano.specs -mfpu=fpv4-sp-d16 -mfloat-abi=hard -mthumb -o "Core/Src/uartRingBuffer.o"
../Core/Src/uartRingBuffer.c:71:12: warning: 'check_for' defined but not used [-Wunused-function]
   71 | static int check_for (char *str, char *buffertolookinto)
      |            ^~~~~~~~~
arm-none-eabi-gcc -o "stm32_g431kb.elf" @"objects.list"   -mcpu=cortex-m4 -T"C:\Users\mrspa\Documents\RoboFest\demo files\GPS\stm32_g431kb\STM32G431KBTX_FLASH.ld" --specs=nosys.specs -Wl,-Map="stm32_g431kb.map" -Wl,--gc-sections -static --specs=nano.specs -mfpu=fpv4-sp-d16 -mfloat-abi=hard -mthumb -Wl,--start-group -lc -lm -Wl,--end-group
C:/ST/STM32CubeIDE_1.17.0/STM32CubeIDE/plugins/com.st.stm32cube.ide.mcu.externaltools.gnu-tools-for-stm32.12.3.rel1.win32_1.1.0.202410251130/tools/bin/../lib/gcc/arm-none-eabi/12.3.1/../../../../arm-none-eabi/bin/ld.exe: ./Core/Src/uartRingBuffer.o:C:/Users/mrspa/Documents/RoboFest/demo files/GPS/stm32_g431kb/Debug/../Core/Src/main.c:44: multiple definition of `hfdcan1'; ./Core/Src/main.o:C:/Users/mrspa/Documents/RoboFest/demo files/GPS/stm32_g431kb/Debug/../Core/Src/main.c:44: first defined here
C:/ST/STM32CubeIDE_1.17.0/STM32CubeIDE/plugins/com.st.stm32cube.ide.mcu.externaltools.gnu-tools-for-stm32.12.3.rel1.win32_1.1.0.202410251130/tools/bin/../lib/gcc/arm-none-eabi/12.3.1/../../../../arm-none-eabi/bin/ld.exe: ./Core/Src/uartRingBuffer.o:C:/Users/mrspa/Documents/RoboFest/demo files/GPS/stm32_g431kb/Debug/../Core/Src/main.c:46: multiple definition of `huart1'; ./Core/Src/main.o:C:/Users/mrspa/Documents/RoboFest/demo files/GPS/stm32_g431kb/Debug/../Core/Src/main.c:46: first defined here
C:/ST/STM32CubeIDE_1.17.0/STM32CubeIDE/plugins/com.st.stm32cube.ide.mcu.externaltools.gnu-tools-for-stm32.12.3.rel1.win32_1.1.0.202410251130/tools/bin/../lib/gcc/arm-none-eabi/12.3.1/../../../../arm-none-eabi/bin/ld.exe: ./Core/Src/uartRingBuffer.o:C:/Users/mrspa/Documents/RoboFest/demo files/GPS/stm32_g431kb/Debug/../Core/Src/main.c:47: multiple definition of `huart2'; ./Core/Src/main.o:C:/Users/mrspa/Documents/RoboFest/demo files/GPS/stm32_g431kb/Debug/../Core/Src/main.c:47: first defined here
C:/ST/STM32CubeIDE_1.17.0/STM32CubeIDE/plugins/com.st.stm32cube.ide.mcu.externaltools.gnu-tools-for-stm32.12.3.rel1.win32_1.1.0.202410251130/tools/bin/../lib/gcc/arm-none-eabi/12.3.1/../../../../arm-none-eabi/bin/ld.exe: ./Core/Src/uartRingBuffer.o: in function `main':
C:/Users/mrspa/Documents/RoboFest/demo files/GPS/stm32_g431kb/Debug/../Core/Src/main.c:73: multiple definition of `main'; ./Core/Src/main.o:C:/Users/mrspa/Documents/RoboFest/demo files/GPS/stm32_g431kb/Debug/../Core/Src/main.c:73: first defined here
C:/ST/STM32CubeIDE_1.17.0/STM32CubeIDE/plugins/com.st.stm32cube.ide.mcu.externaltools.gnu-tools-for-stm32.12.3.rel1.win32_1.1.0.202410251130/tools/bin/../lib/gcc/arm-none-eabi/12.3.1/../../../../arm-none-eabi/bin/ld.exe: ./Core/Src/uartRingBuffer.o: in function `SystemClock_Config':
C:/Users/mrspa/Documents/RoboFest/demo files/GPS/stm32_g431kb/Debug/../Core/Src/main.c:124: multiple definition of `SystemClock_Config'; ./Core/Src/main.o:C:/Users/mrspa/Documents/RoboFest/demo files/GPS/stm32_g431kb/Debug/../Core/Src/main.c:124: first defined here
C:/ST/STM32CubeIDE_1.17.0/STM32CubeIDE/plugins/com.st.stm32cube.ide.mcu.externaltools.gnu-tools-for-stm32.12.3.rel1.win32_1.1.0.202410251130/tools/bin/../lib/gcc/arm-none-eabi/12.3.1/../../../../arm-none-eabi/bin/ld.exe: ./Core/Src/uartRingBuffer.o: in function `Error_Handler':
C:/Users/mrspa/Documents/RoboFest/demo files/GPS/stm32_g431kb/Debug/../Core/Src/main.c:358: multiple definition of `Error_Handler'; ./Core/Src/main.o:C:/Users/mrspa/Documents/RoboFest/demo files/GPS/stm32_g431kb/Debug/../Core/Src/main.c:358: first defined here
collect2.exe: error: ld returned 1 exit status
make: *** [makefile:65: stm32_g431kb.elf] Error 1
"make -j8 all" terminated with exit code 2. Build might be incomplete.

20:00:08 Build Failed. 7 errors, 1 warnings. (took 5s.354ms)

